<?xml version="1.0" encoding="UTF-8"?>
<testsuite xmlns:xsi="http://www.w3.org/2001/XMLSchema-instance" xsi:noNamespaceSchemaLocation="https://maven.apache.org/surefire/maven-surefire-plugin/xsd/surefire-test-report-3.0.xsd" version="3.0" name="lissa.ratlr.ArchitectureTest" time="0.69" tests="1" errors="0" skipped="0" failures="0">
  <properties>
    <property name="java.specification.version" value="21"/>
    <property name="sun.jnu.encoding" value="UTF-8"/>
    <property name="java.class.path" value="/Users/dominik/projects/ArDoCo/LiSSA-ICSE-Replication-V2/LiSSA-RATLR-V1/lissa/target/test-classes:/Users/dominik/projects/ArDoCo/LiSSA-ICSE-Replication-V2/LiSSA-RATLR-V1/lissa/target/classes:/Users/dominik/.m2/repository/com/fasterxml/jackson/core/jackson-core/2.17.1/jackson-core-2.17.1.jar:/Users/dominik/.m2/repository/com/fasterxml/jackson/core/jackson-databind/2.17.1/jackson-databind-2.17.1.jar:/Users/dominik/.m2/repository/com/fasterxml/jackson/core/jackson-annotations/2.17.1/jackson-annotations-2.17.1.jar:/Users/dominik/.m2/repository/com/knuddels/jtokkit/1.0.0/jtokkit-1.0.0.jar:/Users/dominik/.m2/repository/com/tngtech/archunit/archunit-junit5/1.3.0/archunit-junit5-1.3.0.jar:/Users/dominik/.m2/repository/com/tngtech/archunit/archunit-junit5-api/1.3.0/archunit-junit5-api-1.3.0.jar:/Users/dominik/.m2/repository/com/tngtech/archunit/archunit/1.3.0/archunit-1.3.0.jar:/Users/dominik/.m2/repository/com/tngtech/archunit/archunit-junit5-engine/1.3.0/archunit-junit5-engine-1.3.0.jar:/Users/dominik/.m2/repository/com/tngtech/archunit/archunit-junit5-engine-api/1.3.0/archunit-junit5-engine-api-1.3.0.jar:/Users/dominik/.m2/repository/dev/langchain4j/langchain4j/0.31.0/langchain4j-0.31.0.jar:/Users/dominik/.m2/repository/org/apache/opennlp/opennlp-tools/1.9.4/opennlp-tools-1.9.4.jar:/Users/dominik/.m2/repository/org/jsoup/jsoup/1.16.1/jsoup-1.16.1.jar:/Users/dominik/.m2/repository/dev/langchain4j/langchain4j-core/0.31.0/langchain4j-core-0.31.0.jar:/Users/dominik/.m2/repository/com/google/code/gson/gson/2.10.1/gson-2.10.1.jar:/Users/dominik/.m2/repository/dev/langchain4j/langchain4j-ollama/0.31.0/langchain4j-ollama-0.31.0.jar:/Users/dominik/.m2/repository/com/squareup/retrofit2/retrofit/2.9.0/retrofit-2.9.0.jar:/Users/dominik/.m2/repository/com/squareup/retrofit2/converter-gson/2.9.0/converter-gson-2.9.0.jar:/Users/dominik/.m2/repository/com/squareup/okhttp3/okhttp/4.12.0/okhttp-4.12.0.jar:/Users/dominik/.m2/repository/com/squareup/okio/okio/3.6.0/okio-3.6.0.jar:/Users/dominik/.m2/repository/com/squareup/okio/okio-jvm/3.6.0/okio-jvm-3.6.0.jar:/Users/dominik/.m2/repository/org/jetbrains/kotlin/kotlin-stdlib-common/1.9.10/kotlin-stdlib-common-1.9.10.jar:/Users/dominik/.m2/repository/org/jetbrains/kotlin/kotlin-stdlib-jdk8/1.8.21/kotlin-stdlib-jdk8-1.8.21.jar:/Users/dominik/.m2/repository/org/jetbrains/kotlin/kotlin-stdlib/1.9.24/kotlin-stdlib-1.9.24.jar:/Users/dominik/.m2/repository/org/jetbrains/annotations/13.0/annotations-13.0.jar:/Users/dominik/.m2/repository/org/jetbrains/kotlin/kotlin-stdlib-jdk7/1.8.21/kotlin-stdlib-jdk7-1.8.21.jar:/Users/dominik/.m2/repository/dev/langchain4j/langchain4j-open-ai/0.31.0/langchain4j-open-ai-0.31.0.jar:/Users/dominik/.m2/repository/dev/ai4j/openai4j/0.17.0/openai4j-0.17.0.jar:/Users/dominik/.m2/repository/com/squareup/okhttp3/okhttp-sse/4.12.0/okhttp-sse-4.12.0.jar:/Users/dominik/.m2/repository/info/picocli/picocli/4.7.6/picocli-4.7.6.jar:/Users/dominik/.m2/repository/io/github/ardoco/tlr/model-provider/1.0.0/model-provider-1.0.0.jar:/Users/dominik/.m2/repository/com/fasterxml/jackson/datatype/jackson-datatype-jdk8/2.16.1/jackson-datatype-jdk8-2.16.1.jar:/Users/dominik/.m2/repository/com/github/javaparser/javaparser-core/3.25.8/javaparser-core-3.25.8.jar:/Users/dominik/.m2/repository/commons-io/commons-io/2.15.1/commons-io-2.15.1.jar:/Users/dominik/.m2/repository/io/github/ardoco/core/common/1.0.0/common-1.0.0.jar:/Users/dominik/.m2/repository/org/apache/commons/commons-compress/1.26.0/commons-compress-1.26.0.jar:/Users/dominik/.m2/repository/org/apache/commons/commons-lang3/3.14.0/commons-lang3-3.14.0.jar:/Users/dominik/.m2/repository/org/apache/commons/commons-text/1.11.0/commons-text-1.11.0.jar:/Users/dominik/.m2/repository/org/apache/jena/jena-arq/4.10.0/jena-arq-4.10.0.jar:/Users/dominik/.m2/repository/com/github/jsonld-java/jsonld-java/0.13.4/jsonld-java-0.13.4.jar:/Users/dominik/.m2/repository/org/apache/httpcomponents/httpclient-cache/4.5.14/httpclient-cache-4.5.14.jar:/Users/dominik/.m2/repository/org/apache/httpcomponents/httpclient/4.5.14/httpclient-4.5.14.jar:/Users/dominik/.m2/repository/org/apache/httpcomponents/httpcore/4.4.16/httpcore-4.4.16.jar:/Users/dominik/.m2/repository/org/slf4j/jcl-over-slf4j/1.7.36/jcl-over-slf4j-1.7.36.jar:/Users/dominik/.m2/repository/com/apicatalog/titanium-json-ld/1.3.2/titanium-json-ld-1.3.2.jar:/Users/dominik/.m2/repository/org/glassfish/jakarta.json/2.0.1/jakarta.json-2.0.1.jar:/Users/dominik/.m2/repository/org/apache/thrift/libthrift/0.19.0/libthrift-0.19.0.jar:/Users/dominik/.m2/repository/org/apache/jena/jena-core/4.10.0/jena-core-4.10.0.jar:/Users/dominik/.m2/repository/org/apache/jena/jena-base/4.10.0/jena-base-4.10.0.jar:/Users/dominik/.m2/repository/org/apache/commons/commons-csv/1.10.0/commons-csv-1.10.0.jar:/Users/dominik/.m2/repository/org/apache/commons/commons-collections4/4.4/commons-collections4-4.4.jar:/Users/dominik/.m2/repository/com/github/andrewoma/dexx/collection/0.7/collection-0.7.jar:/Users/dominik/.m2/repository/org/apache/jena/jena-iri/4.10.0/jena-iri-4.10.0.jar:/Users/dominik/.m2/repository/commons-cli/commons-cli/1.5.0/commons-cli-1.5.0.jar:/Users/dominik/.m2/repository/org/roaringbitmap/RoaringBitmap/1.0.0/RoaringBitmap-1.0.0.jar:/Users/dominik/.m2/repository/org/eclipse/collections/eclipse-collections/12.0.0.M3/eclipse-collections-12.0.0.M3.jar:/Users/dominik/.m2/repository/org/eclipse/collections/eclipse-collections-api/12.0.0.M3/eclipse-collections-api-12.0.0.M3.jar:/Users/dominik/.m2/repository/org/eclipse/jgit/org.eclipse.jgit/6.8.0.202311291450-r/org.eclipse.jgit-6.8.0.202311291450-r.jar:/Users/dominik/.m2/repository/com/googlecode/javaewah/JavaEWAH/1.2.3/JavaEWAH-1.2.3.jar:/Users/dominik/.m2/repository/commons-codec/commons-codec/1.16.0/commons-codec-1.16.0.jar:/Users/dominik/.m2/repository/org/jgrapht/jgrapht-core/1.5.2/jgrapht-core-1.5.2.jar:/Users/dominik/.m2/repository/org/jheaps/jheaps/0.14/jheaps-0.14.jar:/Users/dominik/.m2/repository/org/apfloat/apfloat/1.10.1/apfloat-1.10.1.jar:/Users/dominik/.m2/repository/org/xerial/sqlite-jdbc/3.45.1.0/sqlite-jdbc-3.45.1.0.jar:/Users/dominik/.m2/repository/org/eclipse/jdt/org.eclipse.jdt.core/3.36.0/org.eclipse.jdt.core-3.36.0.jar:/Users/dominik/.m2/repository/org/eclipse/platform/org.eclipse.core.resources/3.20.0/org.eclipse.core.resources-3.20.0.jar:/Users/dominik/.m2/repository/org/eclipse/platform/org.eclipse.core.expressions/3.9.200/org.eclipse.core.expressions-3.9.200.jar:/Users/dominik/.m2/repository/org/eclipse/platform/org.eclipse.osgi/3.18.600/org.eclipse.osgi-3.18.600.jar:/Users/dominik/.m2/repository/org/eclipse/platform/org.eclipse.core.runtime/3.30.0/org.eclipse.core.runtime-3.30.0.jar:/Users/dominik/.m2/repository/org/eclipse/platform/org.eclipse.equinox.common/3.18.200/org.eclipse.equinox.common-3.18.200.jar:/Users/dominik/.m2/repository/org/eclipse/platform/org.eclipse.core.jobs/3.15.100/org.eclipse.core.jobs-3.15.100.jar:/Users/dominik/.m2/repository/org/eclipse/platform/org.eclipse.equinox.registry/3.11.400/org.eclipse.equinox.registry-3.11.400.jar:/Users/dominik/.m2/repository/org/eclipse/platform/org.eclipse.equinox.preferences/3.10.400/org.eclipse.equinox.preferences-3.10.400.jar:/Users/dominik/.m2/repository/org/osgi/org.osgi.service.prefs/1.1.2/org.osgi.service.prefs-1.1.2.jar:/Users/dominik/.m2/repository/org/osgi/osgi.annotation/8.0.1/osgi.annotation-8.0.1.jar:/Users/dominik/.m2/repository/org/eclipse/platform/org.eclipse.core.contenttype/3.9.200/org.eclipse.core.contenttype-3.9.200.jar:/Users/dominik/.m2/repository/org/eclipse/platform/org.eclipse.equinox.app/1.6.400/org.eclipse.equinox.app-1.6.400.jar:/Users/dominik/.m2/repository/org/eclipse/platform/org.eclipse.core.filesystem/1.10.200/org.eclipse.core.filesystem-1.10.200.jar:/Users/dominik/.m2/repository/org/eclipse/platform/org.eclipse.text/3.13.100/org.eclipse.text-3.13.100.jar:/Users/dominik/.m2/repository/org/eclipse/platform/org.eclipse.core.commands/3.11.100/org.eclipse.core.commands-3.11.100.jar:/Users/dominik/.m2/repository/org/eclipse/jdt/ecj/3.36.0/ecj-3.36.0.jar:/Users/dominik/.m2/repository/org/fuchss/xml-object-mapper/0.7.0/xml-object-mapper-0.7.0.jar:/Users/dominik/.m2/repository/com/google/errorprone/error_prone_core/2.25.0/error_prone_core-2.25.0.jar:/Users/dominik/.m2/repository/com/google/errorprone/error_prone_annotation/2.25.0/error_prone_annotation-2.25.0.jar:/Users/dominik/.m2/repository/com/google/errorprone/error_prone_type_annotations/2.25.0/error_prone_type_annotations-2.25.0.jar:/Users/dominik/.m2/repository/com/google/errorprone/error_prone_check_api/2.25.0/error_prone_check_api-2.25.0.jar:/Users/dominik/.m2/repository/io/github/java-diff-utils/java-diff-utils/4.12/java-diff-utils-4.12.jar:/Users/dominik/.m2/repository/com/github/kevinstern/software-and-algorithms/1.0/software-and-algorithms-1.0.jar:/Users/dominik/.m2/repository/com/github/ben-manes/caffeine/caffeine/3.0.5/caffeine-3.0.5.jar:/Users/dominik/.m2/repository/com/google/inject/guice/5.1.0/guice-5.1.0.jar:/Users/dominik/.m2/repository/aopalliance/aopalliance/1.0/aopalliance-1.0.jar:/Users/dominik/.m2/repository/org/pcollections/pcollections/4.0.1/pcollections-4.0.1.jar:/Users/dominik/.m2/repository/com/google/guava/guava/32.1.1-jre/guava-32.1.1-jre.jar:/Users/dominik/.m2/repository/com/google/guava/failureaccess/1.0.1/failureaccess-1.0.1.jar:/Users/dominik/.m2/repository/com/google/guava/listenablefuture/9999.0-empty-to-avoid-conflict-with-guava/listenablefuture-9999.0-empty-to-avoid-conflict-with-guava.jar:/Users/dominik/.m2/repository/org/checkerframework/checker-qual/3.33.0/checker-qual-3.33.0.jar:/Users/dominik/.m2/repository/com/google/j2objc/j2objc-annotations/2.8/j2objc-annotations-2.8.jar:/Users/dominik/.m2/repository/com/google/auto/auto-common/1.2.2/auto-common-1.2.2.jar:/Users/dominik/.m2/repository/com/google/code/findbugs/jsr305/3.0.2/jsr305-3.0.2.jar:/Users/dominik/.m2/repository/io/github/eisop/dataflow-errorprone/3.41.0-eisop1/dataflow-errorprone-3.41.0-eisop1.jar:/Users/dominik/.m2/repository/com/google/auto/value/auto-value-annotations/1.9/auto-value-annotations-1.9.jar:/Users/dominik/.m2/repository/com/google/errorprone/error_prone_annotations/2.25.0/error_prone_annotations-2.25.0.jar:/Users/dominik/.m2/repository/com/google/protobuf/protobuf-java/3.19.6/protobuf-java-3.19.6.jar:/Users/dominik/.m2/repository/com/google/auto/service/auto-service-annotations/1.0.1/auto-service-annotations-1.0.1.jar:/Users/dominik/.m2/repository/javax/inject/javax.inject/1/javax.inject-1.jar:/Users/dominik/.m2/repository/io/github/bonede/tree-sitter/0.22.6/tree-sitter-0.22.6.jar:/Users/dominik/.m2/repository/io/github/bonede/tree-sitter-java/0.21.0a/tree-sitter-java-0.21.0a.jar:/Users/dominik/.m2/repository/io/github/cdimascio/dotenv-java/3.0.0/dotenv-java-3.0.0.jar:/Users/dominik/.m2/repository/org/junit/jupiter/junit-jupiter-api/5.11.0-M1/junit-jupiter-api-5.11.0-M1.jar:/Users/dominik/.m2/repository/org/opentest4j/opentest4j/1.3.0/opentest4j-1.3.0.jar:/Users/dominik/.m2/repository/org/junit/platform/junit-platform-commons/1.11.0-M1/junit-platform-commons-1.11.0-M1.jar:/Users/dominik/.m2/repository/org/apiguardian/apiguardian-api/1.1.2/apiguardian-api-1.1.2.jar:/Users/dominik/.m2/repository/org/junit/jupiter/junit-jupiter-engine/5.11.0-M1/junit-jupiter-engine-5.11.0-M1.jar:/Users/dominik/.m2/repository/org/junit/platform/junit-platform-engine/1.11.0-M1/junit-platform-engine-1.11.0-M1.jar:/Users/dominik/.m2/repository/org/slf4j/slf4j-api/2.0.13/slf4j-api-2.0.13.jar:/Users/dominik/.m2/repository/org/slf4j/slf4j-simple/2.0.13/slf4j-simple-2.0.13.jar:"/>
    <property name="java.vm.vendor" value="Eclipse Adoptium"/>
    <property name="sun.arch.data.model" value="64"/>
    <property name="java.vendor.url" value="https://adoptium.net/"/>
    <property name="user.timezone" value="Europe/Berlin"/>
    <property name="os.name" value="Mac OS X"/>
    <property name="java.vm.specification.version" value="21"/>
    <property name="sun.java.launcher" value="SUN_STANDARD"/>
    <property name="user.country" value="DE"/>
    <property name="sun.boot.library.path" value="/Library/Java/JavaVirtualMachines/temurin-21.jdk/Contents/Home/lib"/>
    <property name="sun.java.command" value="/Users/dominik/projects/ArDoCo/LiSSA-ICSE-Replication-V2/LiSSA-RATLR-V1/lissa/target/surefire/surefirebooter-20250113111247425_3.jar /Users/dominik/projects/ArDoCo/LiSSA-ICSE-Replication-V2/LiSSA-RATLR-V1/lissa/target/surefire 2025-01-13T11-12-47_388-jvmRun1 surefire-20250113111247425_1tmp surefire_0-20250113111247425_2tmp"/>
    <property name="jdk.debug" value="release"/>
    <property name="surefire.test.class.path" value="/Users/dominik/projects/ArDoCo/LiSSA-ICSE-Replication-V2/LiSSA-RATLR-V1/lissa/target/test-classes:/Users/dominik/projects/ArDoCo/LiSSA-ICSE-Replication-V2/LiSSA-RATLR-V1/lissa/target/classes:/Users/dominik/.m2/repository/com/fasterxml/jackson/core/jackson-core/2.17.1/jackson-core-2.17.1.jar:/Users/dominik/.m2/repository/com/fasterxml/jackson/core/jackson-databind/2.17.1/jackson-databind-2.17.1.jar:/Users/dominik/.m2/repository/com/fasterxml/jackson/core/jackson-annotations/2.17.1/jackson-annotations-2.17.1.jar:/Users/dominik/.m2/repository/com/knuddels/jtokkit/1.0.0/jtokkit-1.0.0.jar:/Users/dominik/.m2/repository/com/tngtech/archunit/archunit-junit5/1.3.0/archunit-junit5-1.3.0.jar:/Users/dominik/.m2/repository/com/tngtech/archunit/archunit-junit5-api/1.3.0/archunit-junit5-api-1.3.0.jar:/Users/dominik/.m2/repository/com/tngtech/archunit/archunit/1.3.0/archunit-1.3.0.jar:/Users/dominik/.m2/repository/com/tngtech/archunit/archunit-junit5-engine/1.3.0/archunit-junit5-engine-1.3.0.jar:/Users/dominik/.m2/repository/com/tngtech/archunit/archunit-junit5-engine-api/1.3.0/archunit-junit5-engine-api-1.3.0.jar:/Users/dominik/.m2/repository/dev/langchain4j/langchain4j/0.31.0/langchain4j-0.31.0.jar:/Users/dominik/.m2/repository/org/apache/opennlp/opennlp-tools/1.9.4/opennlp-tools-1.9.4.jar:/Users/dominik/.m2/repository/org/jsoup/jsoup/1.16.1/jsoup-1.16.1.jar:/Users/dominik/.m2/repository/dev/langchain4j/langchain4j-core/0.31.0/langchain4j-core-0.31.0.jar:/Users/dominik/.m2/repository/com/google/code/gson/gson/2.10.1/gson-2.10.1.jar:/Users/dominik/.m2/repository/dev/langchain4j/langchain4j-ollama/0.31.0/langchain4j-ollama-0.31.0.jar:/Users/dominik/.m2/repository/com/squareup/retrofit2/retrofit/2.9.0/retrofit-2.9.0.jar:/Users/dominik/.m2/repository/com/squareup/retrofit2/converter-gson/2.9.0/converter-gson-2.9.0.jar:/Users/dominik/.m2/repository/com/squareup/okhttp3/okhttp/4.12.0/okhttp-4.12.0.jar:/Users/dominik/.m2/repository/com/squareup/okio/okio/3.6.0/okio-3.6.0.jar:/Users/dominik/.m2/repository/com/squareup/okio/okio-jvm/3.6.0/okio-jvm-3.6.0.jar:/Users/dominik/.m2/repository/org/jetbrains/kotlin/kotlin-stdlib-common/1.9.10/kotlin-stdlib-common-1.9.10.jar:/Users/dominik/.m2/repository/org/jetbrains/kotlin/kotlin-stdlib-jdk8/1.8.21/kotlin-stdlib-jdk8-1.8.21.jar:/Users/dominik/.m2/repository/org/jetbrains/kotlin/kotlin-stdlib/1.9.24/kotlin-stdlib-1.9.24.jar:/Users/dominik/.m2/repository/org/jetbrains/annotations/13.0/annotations-13.0.jar:/Users/dominik/.m2/repository/org/jetbrains/kotlin/kotlin-stdlib-jdk7/1.8.21/kotlin-stdlib-jdk7-1.8.21.jar:/Users/dominik/.m2/repository/dev/langchain4j/langchain4j-open-ai/0.31.0/langchain4j-open-ai-0.31.0.jar:/Users/dominik/.m2/repository/dev/ai4j/openai4j/0.17.0/openai4j-0.17.0.jar:/Users/dominik/.m2/repository/com/squareup/okhttp3/okhttp-sse/4.12.0/okhttp-sse-4.12.0.jar:/Users/dominik/.m2/repository/info/picocli/picocli/4.7.6/picocli-4.7.6.jar:/Users/dominik/.m2/repository/io/github/ardoco/tlr/model-provider/1.0.0/model-provider-1.0.0.jar:/Users/dominik/.m2/repository/com/fasterxml/jackson/datatype/jackson-datatype-jdk8/2.16.1/jackson-datatype-jdk8-2.16.1.jar:/Users/dominik/.m2/repository/com/github/javaparser/javaparser-core/3.25.8/javaparser-core-3.25.8.jar:/Users/dominik/.m2/repository/commons-io/commons-io/2.15.1/commons-io-2.15.1.jar:/Users/dominik/.m2/repository/io/github/ardoco/core/common/1.0.0/common-1.0.0.jar:/Users/dominik/.m2/repository/org/apache/commons/commons-compress/1.26.0/commons-compress-1.26.0.jar:/Users/dominik/.m2/repository/org/apache/commons/commons-lang3/3.14.0/commons-lang3-3.14.0.jar:/Users/dominik/.m2/repository/org/apache/commons/commons-text/1.11.0/commons-text-1.11.0.jar:/Users/dominik/.m2/repository/org/apache/jena/jena-arq/4.10.0/jena-arq-4.10.0.jar:/Users/dominik/.m2/repository/com/github/jsonld-java/jsonld-java/0.13.4/jsonld-java-0.13.4.jar:/Users/dominik/.m2/repository/org/apache/httpcomponents/httpclient-cache/4.5.14/httpclient-cache-4.5.14.jar:/Users/dominik/.m2/repository/org/apache/httpcomponents/httpclient/4.5.14/httpclient-4.5.14.jar:/Users/dominik/.m2/repository/org/apache/httpcomponents/httpcore/4.4.16/httpcore-4.4.16.jar:/Users/dominik/.m2/repository/org/slf4j/jcl-over-slf4j/1.7.36/jcl-over-slf4j-1.7.36.jar:/Users/dominik/.m2/repository/com/apicatalog/titanium-json-ld/1.3.2/titanium-json-ld-1.3.2.jar:/Users/dominik/.m2/repository/org/glassfish/jakarta.json/2.0.1/jakarta.json-2.0.1.jar:/Users/dominik/.m2/repository/org/apache/thrift/libthrift/0.19.0/libthrift-0.19.0.jar:/Users/dominik/.m2/repository/org/apache/jena/jena-core/4.10.0/jena-core-4.10.0.jar:/Users/dominik/.m2/repository/org/apache/jena/jena-base/4.10.0/jena-base-4.10.0.jar:/Users/dominik/.m2/repository/org/apache/commons/commons-csv/1.10.0/commons-csv-1.10.0.jar:/Users/dominik/.m2/repository/org/apache/commons/commons-collections4/4.4/commons-collections4-4.4.jar:/Users/dominik/.m2/repository/com/github/andrewoma/dexx/collection/0.7/collection-0.7.jar:/Users/dominik/.m2/repository/org/apache/jena/jena-iri/4.10.0/jena-iri-4.10.0.jar:/Users/dominik/.m2/repository/commons-cli/commons-cli/1.5.0/commons-cli-1.5.0.jar:/Users/dominik/.m2/repository/org/roaringbitmap/RoaringBitmap/1.0.0/RoaringBitmap-1.0.0.jar:/Users/dominik/.m2/repository/org/eclipse/collections/eclipse-collections/12.0.0.M3/eclipse-collections-12.0.0.M3.jar:/Users/dominik/.m2/repository/org/eclipse/collections/eclipse-collections-api/12.0.0.M3/eclipse-collections-api-12.0.0.M3.jar:/Users/dominik/.m2/repository/org/eclipse/jgit/org.eclipse.jgit/6.8.0.202311291450-r/org.eclipse.jgit-6.8.0.202311291450-r.jar:/Users/dominik/.m2/repository/com/googlecode/javaewah/JavaEWAH/1.2.3/JavaEWAH-1.2.3.jar:/Users/dominik/.m2/repository/commons-codec/commons-codec/1.16.0/commons-codec-1.16.0.jar:/Users/dominik/.m2/repository/org/jgrapht/jgrapht-core/1.5.2/jgrapht-core-1.5.2.jar:/Users/dominik/.m2/repository/org/jheaps/jheaps/0.14/jheaps-0.14.jar:/Users/dominik/.m2/repository/org/apfloat/apfloat/1.10.1/apfloat-1.10.1.jar:/Users/dominik/.m2/repository/org/xerial/sqlite-jdbc/3.45.1.0/sqlite-jdbc-3.45.1.0.jar:/Users/dominik/.m2/repository/org/eclipse/jdt/org.eclipse.jdt.core/3.36.0/org.eclipse.jdt.core-3.36.0.jar:/Users/dominik/.m2/repository/org/eclipse/platform/org.eclipse.core.resources/3.20.0/org.eclipse.core.resources-3.20.0.jar:/Users/dominik/.m2/repository/org/eclipse/platform/org.eclipse.core.expressions/3.9.200/org.eclipse.core.expressions-3.9.200.jar:/Users/dominik/.m2/repository/org/eclipse/platform/org.eclipse.osgi/3.18.600/org.eclipse.osgi-3.18.600.jar:/Users/dominik/.m2/repository/org/eclipse/platform/org.eclipse.core.runtime/3.30.0/org.eclipse.core.runtime-3.30.0.jar:/Users/dominik/.m2/repository/org/eclipse/platform/org.eclipse.equinox.common/3.18.200/org.eclipse.equinox.common-3.18.200.jar:/Users/dominik/.m2/repository/org/eclipse/platform/org.eclipse.core.jobs/3.15.100/org.eclipse.core.jobs-3.15.100.jar:/Users/dominik/.m2/repository/org/eclipse/platform/org.eclipse.equinox.registry/3.11.400/org.eclipse.equinox.registry-3.11.400.jar:/Users/dominik/.m2/repository/org/eclipse/platform/org.eclipse.equinox.preferences/3.10.400/org.eclipse.equinox.preferences-3.10.400.jar:/Users/dominik/.m2/repository/org/osgi/org.osgi.service.prefs/1.1.2/org.osgi.service.prefs-1.1.2.jar:/Users/dominik/.m2/repository/org/osgi/osgi.annotation/8.0.1/osgi.annotation-8.0.1.jar:/Users/dominik/.m2/repository/org/eclipse/platform/org.eclipse.core.contenttype/3.9.200/org.eclipse.core.contenttype-3.9.200.jar:/Users/dominik/.m2/repository/org/eclipse/platform/org.eclipse.equinox.app/1.6.400/org.eclipse.equinox.app-1.6.400.jar:/Users/dominik/.m2/repository/org/eclipse/platform/org.eclipse.core.filesystem/1.10.200/org.eclipse.core.filesystem-1.10.200.jar:/Users/dominik/.m2/repository/org/eclipse/platform/org.eclipse.text/3.13.100/org.eclipse.text-3.13.100.jar:/Users/dominik/.m2/repository/org/eclipse/platform/org.eclipse.core.commands/3.11.100/org.eclipse.core.commands-3.11.100.jar:/Users/dominik/.m2/repository/org/eclipse/jdt/ecj/3.36.0/ecj-3.36.0.jar:/Users/dominik/.m2/repository/org/fuchss/xml-object-mapper/0.7.0/xml-object-mapper-0.7.0.jar:/Users/dominik/.m2/repository/com/google/errorprone/error_prone_core/2.25.0/error_prone_core-2.25.0.jar:/Users/dominik/.m2/repository/com/google/errorprone/error_prone_annotation/2.25.0/error_prone_annotation-2.25.0.jar:/Users/dominik/.m2/repository/com/google/errorprone/error_prone_type_annotations/2.25.0/error_prone_type_annotations-2.25.0.jar:/Users/dominik/.m2/repository/com/google/errorprone/error_prone_check_api/2.25.0/error_prone_check_api-2.25.0.jar:/Users/dominik/.m2/repository/io/github/java-diff-utils/java-diff-utils/4.12/java-diff-utils-4.12.jar:/Users/dominik/.m2/repository/com/github/kevinstern/software-and-algorithms/1.0/software-and-algorithms-1.0.jar:/Users/dominik/.m2/repository/com/github/ben-manes/caffeine/caffeine/3.0.5/caffeine-3.0.5.jar:/Users/dominik/.m2/repository/com/google/inject/guice/5.1.0/guice-5.1.0.jar:/Users/dominik/.m2/repository/aopalliance/aopalliance/1.0/aopalliance-1.0.jar:/Users/dominik/.m2/repository/org/pcollections/pcollections/4.0.1/pcollections-4.0.1.jar:/Users/dominik/.m2/repository/com/google/guava/guava/32.1.1-jre/guava-32.1.1-jre.jar:/Users/dominik/.m2/repository/com/google/guava/failureaccess/1.0.1/failureaccess-1.0.1.jar:/Users/dominik/.m2/repository/com/google/guava/listenablefuture/9999.0-empty-to-avoid-conflict-with-guava/listenablefuture-9999.0-empty-to-avoid-conflict-with-guava.jar:/Users/dominik/.m2/repository/org/checkerframework/checker-qual/3.33.0/checker-qual-3.33.0.jar:/Users/dominik/.m2/repository/com/google/j2objc/j2objc-annotations/2.8/j2objc-annotations-2.8.jar:/Users/dominik/.m2/repository/com/google/auto/auto-common/1.2.2/auto-common-1.2.2.jar:/Users/dominik/.m2/repository/com/google/code/findbugs/jsr305/3.0.2/jsr305-3.0.2.jar:/Users/dominik/.m2/repository/io/github/eisop/dataflow-errorprone/3.41.0-eisop1/dataflow-errorprone-3.41.0-eisop1.jar:/Users/dominik/.m2/repository/com/google/auto/value/auto-value-annotations/1.9/auto-value-annotations-1.9.jar:/Users/dominik/.m2/repository/com/google/errorprone/error_prone_annotations/2.25.0/error_prone_annotations-2.25.0.jar:/Users/dominik/.m2/repository/com/google/protobuf/protobuf-java/3.19.6/protobuf-java-3.19.6.jar:/Users/dominik/.m2/repository/com/google/auto/service/auto-service-annotations/1.0.1/auto-service-annotations-1.0.1.jar:/Users/dominik/.m2/repository/javax/inject/javax.inject/1/javax.inject-1.jar:/Users/dominik/.m2/repository/io/github/bonede/tree-sitter/0.22.6/tree-sitter-0.22.6.jar:/Users/dominik/.m2/repository/io/github/bonede/tree-sitter-java/0.21.0a/tree-sitter-java-0.21.0a.jar:/Users/dominik/.m2/repository/io/github/cdimascio/dotenv-java/3.0.0/dotenv-java-3.0.0.jar:/Users/dominik/.m2/repository/org/junit/jupiter/junit-jupiter-api/5.11.0-M1/junit-jupiter-api-5.11.0-M1.jar:/Users/dominik/.m2/repository/org/opentest4j/opentest4j/1.3.0/opentest4j-1.3.0.jar:/Users/dominik/.m2/repository/org/junit/platform/junit-platform-commons/1.11.0-M1/junit-platform-commons-1.11.0-M1.jar:/Users/dominik/.m2/repository/org/apiguardian/apiguardian-api/1.1.2/apiguardian-api-1.1.2.jar:/Users/dominik/.m2/repository/org/junit/jupiter/junit-jupiter-engine/5.11.0-M1/junit-jupiter-engine-5.11.0-M1.jar:/Users/dominik/.m2/repository/org/junit/platform/junit-platform-engine/1.11.0-M1/junit-platform-engine-1.11.0-M1.jar:/Users/dominik/.m2/repository/org/slf4j/slf4j-api/2.0.13/slf4j-api-2.0.13.jar:/Users/dominik/.m2/repository/org/slf4j/slf4j-simple/2.0.13/slf4j-simple-2.0.13.jar:"/>
    <property name="sun.cpu.endian" value="little"/>
    <property name="user.home" value="/Users/dominik"/>
    <property name="user.language" value="en"/>
    <property name="java.specification.vendor" value="Oracle Corporation"/>
    <property name="java.version.date" value="2024-10-15"/>
    <property name="java.home" value="/Library/Java/JavaVirtualMachines/temurin-21.jdk/Contents/Home"/>
    <property name="file.separator" value="/"/>
    <property name="basedir" value="/Users/dominik/projects/ArDoCo/LiSSA-ICSE-Replication-V2/LiSSA-RATLR-V1/lissa"/>
    <property name="java.vm.compressedOopsMode" value="Zero based"/>
    <property name="line.separator" value="&#10;"/>
    <property name="java.vm.specification.vendor" value="Oracle Corporation"/>
    <property name="java.specification.name" value="Java Platform API Specification"/>
    <property name="apple.awt.application.name" value="ForkedBooter"/>
    <property name="surefire.real.class.path" value="/Users/dominik/projects/ArDoCo/LiSSA-ICSE-Replication-V2/LiSSA-RATLR-V1/lissa/target/surefire/surefirebooter-20250113111247425_3.jar"/>
    <property name="sun.management.compiler" value="HotSpot 64-Bit Tiered Compilers"/>
    <property name="java.runtime.version" value="21.0.5+11-LTS"/>
    <property name="user.name" value="dominik"/>
    <property name="stdout.encoding" value="UTF-8"/>
    <property name="path.separator" value=":"/>
    <property name="os.version" value="15.2"/>
    <property name="java.runtime.name" value="OpenJDK Runtime Environment"/>
    <property name="file.encoding" value="UTF-8"/>
    <property name="java.vm.name" value="OpenJDK 64-Bit Server VM"/>
    <property name="java.vendor.version" value="Temurin-21.0.5+11"/>
    <property name="localRepository" value="/Users/dominik/.m2/repository"/>
    <property name="java.vendor.url.bug" value="https://github.com/adoptium/adoptium-support/issues"/>
    <property name="java.io.tmpdir" value="/var/folders/jc/zbt8x0j95w14jv_xm954_c640000gn/T/"/>
    <property name="java.version" value="21.0.5"/>
    <property name="user.dir" value="/Users/dominik/projects/ArDoCo/LiSSA-ICSE-Replication-V2/LiSSA-RATLR-V1/lissa"/>
    <property name="os.arch" value="aarch64"/>
    <property name="java.vm.specification.name" value="Java Virtual Machine Specification"/>
    <property name="native.encoding" value="UTF-8"/>
    <property name="java.library.path" value="/Users/dominik/Library/Java/Extensions:/Library/Java/Extensions:/Network/Library/Java/Extensions:/System/Library/Java/Extensions:/usr/lib/java:."/>
    <property name="java.vm.info" value="mixed mode, sharing"/>
    <property name="stderr.encoding" value="UTF-8"/>
    <property name="java.vendor" value="Eclipse Adoptium"/>
    <property name="java.vm.version" value="21.0.5+11-LTS"/>
    <property name="sun.io.unicode.encoding" value="UnicodeBig"/>
    <property name="java.class.version" value="65.0"/>
  </properties>
  <testcase name="no_getenv" classname="ArchitectureTest" time="0.687">
    <system-err><![CDATA[2025-01-13 11:12:47:750 +0100 [main] INFO PluginLoader - Detected Java version 21.0.5
]]></system-err>
  </testcase>
</testsuite>